eu.europa.ec.fisheries.uvms.movement:movement-module:ear:4.0.16-SNAPSHOT
+- eu.europa.ec.fisheries.uvms.movement:movement-message:ejb:4.0.16-SNAPSHOT:compile
|  +- eu.europa.ec.fisheries.uvms.audit:audit-model:jar:4.0.8:compile
|  \- eu.europa.ec.fisheries.uvms:uvms-config:jar:4.0.0:compile
+- eu.europa.ec.fisheries.uvms.movement:movement-message-impl:ejb:4.0.16-SNAPSHOT:compile
+- eu.europa.ec.fisheries.uvms.movement:movement-service:ejb:4.0.16-SNAPSHOT:compile
|  +- eu.europa.ec.fisheries.uvms.spatial:spatial-model:jar:1.0.12:compile
|  |  +- org.jvnet.jaxb2_commons:jaxb2-basics-runtime:jar:0.9.4:compile
|  |  \- com.fasterxml.jackson.core:jackson-annotations:jar:2.7.1:compile
|  +- eu.europa.ec.fisheries.uvms.exchange:exchange-model:jar:4.0.17:compile
|  |  \- eu.europa.ec.fisheries.uvms.commons:uvms-commons-date:jar:3.0.8:compile
|  |     +- com.fasterxml.jackson.core:jackson-databind:jar:2.6.7.1:compile
|  |     |  \- com.fasterxml.jackson.core:jackson-core:jar:2.6.7:compile
|  |     \- joda-time:joda-time:jar:2.9.9:compile
|  +- eu.europa.ec.fisheries.uvms:uvms-longpolling:jar:2.0.13:compile
|  \- eu.europa.ec.fisheries.uvms.user:user-model:jar:2.0.8:compile
+- eu.europa.ec.fisheries.uvms.movement:movement-model:jar:4.0.16-SNAPSHOT:compile
|  \- org.jvnet.jaxb2_commons:jaxb2-basics:jar:0.9.5:compile
|     +- org.jvnet.jaxb2_commons:jaxb2-basics-tools:jar:0.9.5:compile
|     |  \- commons-beanutils:commons-beanutils:jar:1.9.2:compile
|     \- com.google.code.javaparser:javaparser:jar:1.0.11:compile
+- eu.europa.ec.fisheries.uvms.movement:movement-rest:war:4.0.16-SNAPSHOT:compile
+- eu.europa.ec.fisheries.uvms.commons:uvms-commons-message:jar:3.0.25:compile
|  +- eu.europa.ec.fisheries.uvms.config:config-model:jar:4.0.7:compile
|  +- commons-collections:commons-collections:jar:3.2.2:compile
|  +- com.sun.xml.bind:jaxb-impl:jar:2.3.0:compile
|  +- com.sun.xml.bind:jaxb-core:jar:2.3.0:compile
|  \- com.google.guava:guava:jar:20.0:compile
+- org.apache.commons:commons-lang3:jar:3.7:compile
+- commons-io:commons-io:jar:2.6:compile
+- org.codehaus.jackson:jackson-jaxrs:jar:1.9.13:compile
|  +- org.codehaus.jackson:jackson-core-asl:jar:1.9.13:compile
|  \- org.codehaus.jackson:jackson-mapper-asl:jar:1.9.13:compile
+- fish.focus.uvms.maven:uvms-pom-monitoring-deps:pom:1.21:compile
|  +- net.bull.javamelody:javamelody-core:jar:1.72.0.SE:compile
|  |  \- org.jrobin:jrobin:jar:1.5.9:compile
|  \- com.github.librepdf:openpdf:jar:1.0.5:compile
|     +- org.bouncycastle:bcprov-jdk15on:jar:1.58:compile
|     \- org.bouncycastle:bcpkix-jdk15on:jar:1.58:compile
+- fish.focus.uvms.maven:uvms-pom-arquillian-deps:pom:1.21:test
|  +- org.jboss.arquillian:arquillian-bom:pom:1.1.13.Final:test
|  +- org.jboss.shrinkwrap.resolver:shrinkwrap-resolver-bom:pom:2.2.6:test
|  +- org.jboss.shrinkwrap:shrinkwrap-api:jar:1.2.6:test
|  +- org.jboss.shrinkwrap.resolver:shrinkwrap-resolver-impl-maven:jar:2.2.6:test
|  |  +- org.jboss.shrinkwrap.resolver:shrinkwrap-resolver-api-maven:jar:2.2.6:test
|  |  |  \- org.jboss.shrinkwrap.resolver:shrinkwrap-resolver-api:jar:2.2.6:test
|  |  +- org.jboss.shrinkwrap.resolver:shrinkwrap-resolver-spi-maven:jar:2.2.6:test
|  |  |  \- org.jboss.shrinkwrap.resolver:shrinkwrap-resolver-spi:jar:2.2.6:test
|  |  +- org.eclipse.aether:aether-api:jar:1.0.0.v20140518:test
|  |  +- org.eclipse.aether:aether-impl:jar:1.0.0.v20140518:test
|  |  +- org.eclipse.aether:aether-spi:jar:1.0.0.v20140518:test
|  |  +- org.eclipse.aether:aether-util:jar:1.0.0.v20140518:test
|  |  +- org.eclipse.aether:aether-connector-basic:jar:1.0.0.v20140518:test
|  |  +- org.eclipse.aether:aether-transport-wagon:jar:1.0.0.v20140518:test
|  |  +- org.apache.maven:maven-aether-provider:jar:3.2.5:test
|  |  +- org.apache.maven:maven-model:jar:3.2.5:test
|  |  +- org.apache.maven:maven-model-builder:jar:3.2.5:test
|  |  |  \- org.codehaus.plexus:plexus-component-annotations:jar:1.5.5:test
|  |  +- org.apache.maven:maven-repository-metadata:jar:3.2.5:test
|  |  +- org.apache.maven:maven-settings:jar:3.2.5:test
|  |  +- org.apache.maven:maven-settings-builder:jar:3.2.5:test
|  |  +- org.codehaus.plexus:plexus-interpolation:jar:1.21:test
|  |  +- org.codehaus.plexus:plexus-utils:jar:3.0.20:test
|  |  +- org.sonatype.plexus:plexus-sec-dispatcher:jar:1.3:test
|  |  |  \- org.sonatype.plexus:plexus-cipher:jar:1.4:test
|  |  +- org.apache.maven.wagon:wagon-provider-api:jar:2.6:test
|  |  +- org.apache.maven.wagon:wagon-file:jar:2.6:test
|  |  |  \- commons-lang:commons-lang:jar:2.6:test
|  |  \- org.apache.maven.wagon:wagon-http-lightweight:jar:2.6:test
|  |     \- org.apache.maven.wagon:wagon-http-shared:jar:2.6:test
|  |        \- org.jsoup:jsoup:jar:1.7.2:test
|  +- org.jboss.arquillian.junit:arquillian-junit-container:jar:1.1.13.Final:test
|  |  +- org.jboss.arquillian.junit:arquillian-junit-core:jar:1.1.13.Final:test
|  |  +- org.jboss.arquillian.test:arquillian-test-api:jar:1.1.13.Final:test
|  |  +- org.jboss.arquillian.test:arquillian-test-spi:jar:1.1.13.Final:test
|  |  +- org.jboss.arquillian.container:arquillian-container-test-api:jar:1.1.13.Final:test
|  |  +- org.jboss.arquillian.container:arquillian-container-test-spi:jar:1.1.13.Final:test
|  |  +- org.jboss.arquillian.core:arquillian-core-impl-base:jar:1.1.13.Final:test
|  |  +- org.jboss.arquillian.test:arquillian-test-impl-base:jar:1.1.13.Final:test
|  |  +- org.jboss.arquillian.container:arquillian-container-impl-base:jar:1.1.13.Final:test
|  |  |  \- org.jboss.shrinkwrap.descriptors:shrinkwrap-descriptors-spi:jar:2.0.0-alpha-10:test
|  |  +- org.jboss.arquillian.container:arquillian-container-test-impl-base:jar:1.1.13.Final:test
|  |  \- org.jboss.shrinkwrap:shrinkwrap-impl-base:jar:1.2.6:test
|  |     \- org.jboss.shrinkwrap:shrinkwrap-spi:jar:1.2.6:test
|  +- org.jboss.arquillian.container:arquillian-container-spi:jar:1.1.13.Final:test
|  |  +- org.jboss.arquillian.core:arquillian-core-spi:jar:1.1.13.Final:test
|  |  +- org.jboss.arquillian.config:arquillian-config-api:jar:1.1.13.Final:test
|  |  +- org.jboss.arquillian.config:arquillian-config-impl-base:jar:1.1.13.Final:test
|  |  \- org.jboss.shrinkwrap.descriptors:shrinkwrap-descriptors-api-base:jar:2.0.0-alpha-10:test
|  +- org.javassist:javassist:jar:3.22.0-GA:test
|  +- org.jboss.arquillian.core:arquillian-core-api:jar:1.1.13.Final:test
|  +- org.wildfly:wildfly-arquillian-container-remote:jar:8.2.1.Final:test
|  |  +- org.wildfly:wildfly-arquillian-common:jar:8.2.1.Final:test
|  |  |  +- org.jboss.arquillian.testenricher:arquillian-testenricher-cdi:jar:1.1.2.Final-wildfly-1:test
|  |  |  +- org.jboss.arquillian.testenricher:arquillian-testenricher-ejb:jar:1.1.2.Final-wildfly-1:test
|  |  |  +- org.jboss.arquillian.testenricher:arquillian-testenricher-initialcontext:jar:1.1.2.Final-wildfly-1:test
|  |  |  +- org.jboss.arquillian.testenricher:arquillian-testenricher-osgi:jar:2.1.0.CR2:test
|  |  |  +- org.jboss.arquillian.testenricher:arquillian-testenricher-resource:jar:1.1.2.Final-wildfly-1:test
|  |  |  +- org.jboss.arquillian.protocol:arquillian-protocol-servlet:jar:1.1.2.Final-wildfly-1:test
|  |  |  +- org.wildfly:wildfly-arquillian-testenricher-msc:jar:8.2.1.Final:test
|  |  |  |  +- org.wildfly:wildfly-server:jar:8.2.1.Final:test
|  |  |  |  |  +- org.wildfly:wildfly-controller:jar:8.2.1.Final:test
|  |  |  |  |  |  +- org.wildfly:wildfly-core-security:jar:8.2.1.Final:test
|  |  |  |  |  |  |  \- org.wildfly:wildfly-core-security-api:jar:8.2.1.Final:test
|  |  |  |  |  |  \- org.jboss:staxmapper:jar:1.1.0.Final:test
|  |  |  |  |  +- org.wildfly:wildfly-domain-http-interface:jar:8.2.1.Final:test
|  |  |  |  |  |  \- org.wildfly:wildfly-domain-management:jar:8.2.1.Final:test
|  |  |  |  |  +- org.wildfly:wildfly-deployment-repository:jar:8.2.1.Final:test
|  |  |  |  |  +- org.wildfly:wildfly-patching:jar:8.2.1.Final:test
|  |  |  |  |  |  \- org.wildfly:wildfly-cli:jar:8.2.1.Final:test
|  |  |  |  |  |     \- org.jboss.aesh:aesh:jar:0.33.11:test
|  |  |  |  |  |        \- org.fusesource.jansi:jansi:jar:1.9:test
|  |  |  |  |  +- org.wildfly:wildfly-platform-mbean:jar:8.2.1.Final:test
|  |  |  |  |  +- org.wildfly:wildfly-process-controller:jar:8.2.1.Final:test
|  |  |  |  |  +- org.wildfly:wildfly-remoting:jar:8.2.1.Final:test
|  |  |  |  |  |  \- org.wildfly:wildfly-io:jar:8.2.1.Final:test
|  |  |  |  |  +- org.wildfly:wildfly-network:jar:8.2.1.Final:test
|  |  |  |  |  +- org.wildfly:wildfly-version:jar:8.2.1.Final:test
|  |  |  |  |  +- org.jboss:jandex:jar:1.2.1.Final:test
|  |  |  |  |  +- org.jboss.invocation:jboss-invocation:jar:1.2.1.Final:test
|  |  |  |  |  +- org.jboss.logmanager:jboss-logmanager:jar:1.5.2.Final:test
|  |  |  |  |  +- org.jboss.modules:jboss-modules:jar:1.3.3.Final:test
|  |  |  |  |  +- org.jboss.stdio:jboss-stdio:jar:1.0.2.GA:test
|  |  |  |  |  +- org.jboss:jboss-vfs:jar:3.2.5.Final:test
|  |  |  |  |  \- io.undertow:undertow-core:jar:1.1.8.Final:test
|  |  |  |  +- org.jboss.logging:jboss-logging:jar:3.1.4.GA:test
|  |  |  |  \- org.jboss.msc:jboss-msc:jar:1.2.2.Final:test
|  |  |  +- org.wildfly:wildfly-controller-client:jar:8.2.1.Final:test
|  |  |  |  +- org.wildfly:wildfly-protocol:jar:8.2.1.Final:test
|  |  |  |  +- org.jboss:jboss-dmr:jar:1.2.0.Final:test
|  |  |  |  \- org.jboss.threads:jboss-threads:jar:2.1.1.Final:test
|  |  |  +- org.wildfly:wildfly-jmx:jar:8.2.1.Final:test
|  |  |  |  \- org.jboss:jboss-common-core:jar:2.2.22.GA:test
|  |  |  +- org.jboss.remotingjmx:remoting-jmx:jar:2.0.0.Final:test
|  |  |  |  +- org.jboss.remoting:jboss-remoting:jar:4.0.0.Beta3:test
|  |  |  |  +- org.jboss.xnio:xnio-api:jar:3.2.0.Beta4:test
|  |  |  |  \- org.jboss.xnio:xnio-nio:jar:3.2.0.Beta4:test
|  |  |  +- org.jboss.sasl:jboss-sasl:jar:1.0.4.Final:test
|  |  |  \- org.osgi:org.osgi.core:jar:5.0.0:test
|  |  +- org.wildfly:wildfly-arquillian-protocol-jmx:jar:8.2.1.Final:test
|  |  |  +- org.wildfly.security:wildfly-security-manager:jar:1.0.0.Final:test
|  |  |  +- org.jboss.arquillian.protocol:arquillian-protocol-jmx:jar:1.1.2.Final-wildfly-1:test
|  |  |  \- org.jboss.osgi.metadata:jbosgi-metadata:jar:3.0.1.Final:test
|  |  +- org.jboss.marshalling:jboss-marshalling-river:jar:1.4.9.Final:test
|  |  |  \- org.jboss.marshalling:jboss-marshalling:jar:1.4.9.Final:test
|  |  \- org.wildfly:wildfly-build-config:jar:8.2.1.Final:test
|  +- org.jboss.arquillian.extension:arquillian-jacoco:jar:1.0.0.Alpha9:test
|  +- org.jacoco:org.jacoco.core:jar:0.7.9:test
|  |  \- org.ow2.asm:asm-debug-all:jar:5.2:test
|  \- org.eu.ingwar.tools:arquillian-suite-extension:jar:1.1.4:test
|     +- org.jboss.shrinkwrap.resolver:shrinkwrap-resolver-impl-maven-archive:jar:2.2.4:test
|     |  +- org.jboss.shrinkwrap.resolver:shrinkwrap-resolver-api-maven-archive:jar:2.2.4:test
|     |  +- org.jboss.shrinkwrap.resolver:shrinkwrap-resolver-spi-maven-archive:jar:2.2.4:test
|     |  +- org.eclipse.sisu:org.eclipse.sisu.plexus:jar:0.3.0.M1:test
|     |  |  \- org.eclipse.sisu:org.eclipse.sisu.inject:jar:0.3.0.M1:test
|     |  \- org.codehaus.plexus:plexus-compiler-javac:jar:2.3:test
|     |     \- org.codehaus.plexus:plexus-compiler-api:jar:2.3:test
|     \- org.reflections:reflections:jar:0.9.11:test
+- javax:javaee-api:jar:8.0:provided
|  \- com.sun.mail:javax.mail:jar:1.6.0:provided
|     \- javax.activation:activation:jar:1.1:provided
+- fish.focus.uvms.maven:uvms-pom-logging-deps:pom:1.21:compile
|  +- org.slf4j:slf4j-api:jar:1.7.25:compile
|  +- org.slf4j:jul-to-slf4j:jar:1.7.25:compile
|  +- org.slf4j:jcl-over-slf4j:jar:1.7.25:compile
|  +- ch.qos.logback:logback-classic:jar:1.2.3:compile
|  \- ch.qos.logback:logback-core:jar:1.2.3:compile
\- fish.focus.uvms.maven:uvms-pom-test-deps:pom:1.22-SNAPSHOT:test
   +- junit:junit:jar:4.12:test
   |  \- org.hamcrest:hamcrest-core:jar:1.3:test
   +- org.mockito:mockito-core:jar:2.22.0:test
   |  +- net.bytebuddy:byte-buddy:jar:1.8.21:test
   |  +- net.bytebuddy:byte-buddy-agent:jar:1.8.21:test
   |  \- org.objenesis:objenesis:jar:2.6:test
   +- org.powermock:powermock-module-junit4:jar:1.6.6:test
   |  \- org.powermock:powermock-module-junit4-common:jar:1.6.6:test
   |     +- org.powermock:powermock-core:jar:1.6.6:test
   |     \- org.powermock:powermock-reflect:jar:1.6.6:test
   +- org.powermock:powermock-api-mockito:jar:1.6.6:test
   |  \- org.powermock:powermock-api-mockito-common:jar:1.6.6:test
   |     \- org.powermock:powermock-api-support:jar:1.6.6:test
   +- com.tocea.easycoverage:easyCoverage4J-junit:jar:2.3.1:test
   |  \- com.tocea.easycoverage:easyCoverage4J-framework:jar:2.3.1:test
   |     \- com.tocea.easycoverage:easyCoverage4J-annotations:jar:2.3.1:test
   \- org.databene:contiperf:jar:2.4.4:test
